ARM GAS  C:\Users\mns94\AppData\Local\Temp\ccJZsNJo.s 			page 1


   1              		.cpu cortex-m7
   2              		.arch armv7e-m
   3              		.fpu fpv5-d16
   4              		.eabi_attribute 28, 1
   5              		.eabi_attribute 20, 1
   6              		.eabi_attribute 21, 1
   7              		.eabi_attribute 23, 3
   8              		.eabi_attribute 24, 1
   9              		.eabi_attribute 25, 1
  10              		.eabi_attribute 26, 1
  11              		.eabi_attribute 30, 1
  12              		.eabi_attribute 34, 1
  13              		.eabi_attribute 18, 4
  14              		.file	"init.c"
  15              		.text
  16              	.Ltext0:
  17              		.cfi_sections	.debug_frame
  18              		.file 1 "Core/Src/init.c"
  19              		.section	.text.GPIO_Ini,"ax",%progbits
  20              		.align	1
  21              		.global	GPIO_Ini
  22              		.syntax unified
  23              		.thumb
  24              		.thumb_func
  26              	GPIO_Ini:
  27              	.LFB141:
   1:Core/Src/init.c **** #include <init.h>
   2:Core/Src/init.c **** 
   3:Core/Src/init.c **** void GPIO_Ini(void){
  28              		.loc 1 3 20 view -0
  29              		.cfi_startproc
  30              		@ args = 0, pretend = 0, frame = 0
  31              		@ frame_needed = 0, uses_anonymous_args = 0
  32              		@ link register save eliminated.
   4:Core/Src/init.c ****         //led pin B14
   5:Core/Src/init.c ****         *(uint32_t*)(0x40020400UL) |= 0x10000000UL;
  33              		.loc 1 5 9 view .LVU1
  34 0000 094B     		ldr	r3, .L2
  35 0002 D3F80024 		ldr	r2, [r3, #1024]
  36              		.loc 1 5 36 is_stmt 0 view .LVU2
  37 0006 42F08052 		orr	r2, r2, #268435456
  38 000a C3F80024 		str	r2, [r3, #1024]
   6:Core/Src/init.c ****         *(uint32_t*)(0x40020400UL + 0x04UL) |= 0x0000UL;
  39              		.loc 1 6 9 is_stmt 1 view .LVU3
   7:Core/Src/init.c ****         *(uint32_t*)(0x40020400UL + 0x08UL) |= 0x10000000UL;
  40              		.loc 1 7 9 view .LVU4
  41 000e D3F80824 		ldr	r2, [r3, #1032]
  42              		.loc 1 7 45 is_stmt 0 view .LVU5
  43 0012 42F08052 		orr	r2, r2, #268435456
  44 0016 C3F80824 		str	r2, [r3, #1032]
   8:Core/Src/init.c ****         *(uint32_t*)(0x40020400UL + 0x0CUL) |= 0x0000UL; 
  45              		.loc 1 8 9 is_stmt 1 view .LVU6
   9:Core/Src/init.c ****         *(uint32_t*)(0x40020400UL + 0x18UL) |= 0x40000000UL;
  46              		.loc 1 9 9 view .LVU7
  47 001a D3F81824 		ldr	r2, [r3, #1048]
  48              		.loc 1 9 45 is_stmt 0 view .LVU8
  49 001e 42F08042 		orr	r2, r2, #1073741824
ARM GAS  C:\Users\mns94\AppData\Local\Temp\ccJZsNJo.s 			page 2


  50 0022 C3F81824 		str	r2, [r3, #1048]
  10:Core/Src/init.c **** }
  51              		.loc 1 10 1 view .LVU9
  52 0026 7047     		bx	lr
  53              	.L3:
  54              		.align	2
  55              	.L2:
  56 0028 00000240 		.word	1073872896
  57              		.cfi_endproc
  58              	.LFE141:
  60              		.section	.text.GPIO_Ini_Self_Def,"ax",%progbits
  61              		.align	1
  62              		.global	GPIO_Ini_Self_Def
  63              		.syntax unified
  64              		.thumb
  65              		.thumb_func
  67              	GPIO_Ini_Self_Def:
  68              	.LFB142:
  11:Core/Src/init.c **** 
  12:Core/Src/init.c **** void GPIO_Ini_Self_Def(void){
  69              		.loc 1 12 29 is_stmt 1 view -0
  70              		.cfi_startproc
  71              		@ args = 0, pretend = 0, frame = 0
  72              		@ frame_needed = 0, uses_anonymous_args = 0
  73              		@ link register save eliminated.
  13:Core/Src/init.c ****         // led pin B0
  14:Core/Src/init.c ****         GPIOB_MODER |= GPIOB_MODE_PIN0_OUT;
  74              		.loc 1 14 9 view .LVU11
  75 0000 094B     		ldr	r3, .L5
  76 0002 D3F80024 		ldr	r2, [r3, #1024]
  77              		.loc 1 14 21 is_stmt 0 view .LVU12
  78 0006 42F00102 		orr	r2, r2, #1
  79 000a C3F80024 		str	r2, [r3, #1024]
  15:Core/Src/init.c ****         GPIOB_OTYPER |= GPIOB_OTYPE_PIN0_PP;
  80              		.loc 1 15 9 is_stmt 1 view .LVU13
  16:Core/Src/init.c ****         GPIOB_OSPEEDR |= GPIOB_OSPEED_PIN0_MID;
  81              		.loc 1 16 9 view .LVU14
  82 000e D3F80824 		ldr	r2, [r3, #1032]
  83              		.loc 1 16 23 is_stmt 0 view .LVU15
  84 0012 42F00102 		orr	r2, r2, #1
  85 0016 C3F80824 		str	r2, [r3, #1032]
  17:Core/Src/init.c ****         GPIOB_PUPDR |= GPIOB_PUPDR_PIN0_NOPUPD;
  86              		.loc 1 17 9 is_stmt 1 view .LVU16
  18:Core/Src/init.c ****         GPIOB_BSRR |= GPIOB_BSRR_PIN0_RESET;
  87              		.loc 1 18 9 view .LVU17
  88 001a D3F81824 		ldr	r2, [r3, #1048]
  89              		.loc 1 18 20 is_stmt 0 view .LVU18
  90 001e 42F48032 		orr	r2, r2, #65536
  91 0022 C3F81824 		str	r2, [r3, #1048]
  19:Core/Src/init.c **** }
  92              		.loc 1 19 1 view .LVU19
  93 0026 7047     		bx	lr
  94              	.L6:
  95              		.align	2
  96              	.L5:
  97 0028 00000240 		.word	1073872896
  98              		.cfi_endproc
ARM GAS  C:\Users\mns94\AppData\Local\Temp\ccJZsNJo.s 			page 3


  99              	.LFE142:
 101              		.section	.text.GPIO_Ini_CMSIS,"ax",%progbits
 102              		.align	1
 103              		.global	GPIO_Ini_CMSIS
 104              		.syntax unified
 105              		.thumb
 106              		.thumb_func
 108              	GPIO_Ini_CMSIS:
 109              	.LFB143:
  20:Core/Src/init.c **** 
  21:Core/Src/init.c **** void GPIO_Ini_CMSIS(void){
 110              		.loc 1 21 26 is_stmt 1 view -0
 111              		.cfi_startproc
 112              		@ args = 0, pretend = 0, frame = 0
 113              		@ frame_needed = 0, uses_anonymous_args = 0
 114              		@ link register save eliminated.
  22:Core/Src/init.c ****         SET_BIT(RCC->AHB1ENR, RCC_AHB1ENR_GPIOBEN | RCC_AHB1ENR_GPIOCEN);
 115              		.loc 1 22 9 view .LVU21
 116 0000 144A     		ldr	r2, .L8
 117 0002 136B     		ldr	r3, [r2, #48]
 118 0004 43F00603 		orr	r3, r3, #6
 119 0008 1363     		str	r3, [r2, #48]
  23:Core/Src/init.c ****         // button pin C0
  24:Core/Src/init.c ****         CLEAR_BIT(GPIOC->MODER, GPIO_MODER_MODER0_0);
 120              		.loc 1 24 9 view .LVU22
 121 000a 134B     		ldr	r3, .L8+4
 122 000c 1A68     		ldr	r2, [r3]
 123 000e 22F00102 		bic	r2, r2, #1
 124 0012 1A60     		str	r2, [r3]
  25:Core/Src/init.c ****         CLEAR_BIT(GPIOC->OTYPER, GPIO_OTYPER_OT_0);
 125              		.loc 1 25 9 view .LVU23
 126 0014 5A68     		ldr	r2, [r3, #4]
 127 0016 22F00102 		bic	r2, r2, #1
 128 001a 5A60     		str	r2, [r3, #4]
  26:Core/Src/init.c ****         CLEAR_BIT(GPIOC->OSPEEDR, GPIO_OSPEEDER_OSPEEDR0_0);
 129              		.loc 1 26 9 view .LVU24
 130 001c 9A68     		ldr	r2, [r3, #8]
 131 001e 22F00102 		bic	r2, r2, #1
 132 0022 9A60     		str	r2, [r3, #8]
  27:Core/Src/init.c ****         CLEAR_BIT(GPIOC->PUPDR, GPIO_PUPDR_PUPDR0_0);
 133              		.loc 1 27 9 view .LVU25
 134 0024 DA68     		ldr	r2, [r3, #12]
 135 0026 22F00102 		bic	r2, r2, #1
 136 002a DA60     		str	r2, [r3, #12]
  28:Core/Src/init.c **** 
  29:Core/Src/init.c ****         // SET_BIT(GPIOB->MODER, GPIO_MODER_MODE0_0);
  30:Core/Src/init.c ****         // CLEAR_BIT(GPIOB->OTYPER, GPIO_OTYPER_OT_0);
  31:Core/Src/init.c ****         // SET_BIT(GPIOB->OSPEEDR, GPIO_OSPEEDER_OSPEEDR0_0);
  32:Core/Src/init.c ****         // CLEAR_BIT(GPIOB->PUPDR, GPIO_PUPDR_PUPDR0_0);
  33:Core/Src/init.c ****         // led pin B7
  34:Core/Src/init.c ****         SET_BIT(GPIOB->MODER, GPIO_MODER_MODER7_0);
 137              		.loc 1 34 9 view .LVU26
 138 002c A3F58063 		sub	r3, r3, #1024
 139 0030 1A68     		ldr	r2, [r3]
 140 0032 42F48042 		orr	r2, r2, #16384
 141 0036 1A60     		str	r2, [r3]
  35:Core/Src/init.c ****         CLEAR_BIT(GPIOB->OTYPER, GPIO_OTYPER_OT_7);
ARM GAS  C:\Users\mns94\AppData\Local\Temp\ccJZsNJo.s 			page 4


 142              		.loc 1 35 9 view .LVU27
 143 0038 5A68     		ldr	r2, [r3, #4]
 144 003a 22F08002 		bic	r2, r2, #128
 145 003e 5A60     		str	r2, [r3, #4]
  36:Core/Src/init.c ****         SET_BIT(GPIOB->OSPEEDR, GPIO_OSPEEDER_OSPEEDR7_0);
 146              		.loc 1 36 9 view .LVU28
 147 0040 9A68     		ldr	r2, [r3, #8]
 148 0042 42F48042 		orr	r2, r2, #16384
 149 0046 9A60     		str	r2, [r3, #8]
  37:Core/Src/init.c ****         CLEAR_BIT(GPIOB->PUPDR, GPIO_PUPDR_PUPDR7_0);
 150              		.loc 1 37 9 view .LVU29
 151 0048 DA68     		ldr	r2, [r3, #12]
 152 004a 22F48042 		bic	r2, r2, #16384
 153 004e DA60     		str	r2, [r3, #12]
  38:Core/Src/init.c **** 
  39:Core/Src/init.c ****         // SET_BIT(GPIOB->MODER, GPIO_MODER_MODE14_0);
  40:Core/Src/init.c ****         // CLEAR_BIT(GPIOB->OTYPER, GPIO_OTYPER_OT_14);
  41:Core/Src/init.c ****         // SET_BIT(GPIOB->OSPEEDR, GPIO_OSPEEDER_OSPEEDR14_0);
  42:Core/Src/init.c ****         // CLEAR_BIT(GPIOB->PUPDR, GPIO_PUPDR_PUPDR7_0);
  43:Core/Src/init.c **** }...
 154              		.loc 1 43 1 is_stmt 0 view .LVU30
 155 0050 7047     		bx	lr
 156              	.L9:
 157 0052 00BF     		.align	2
 158              	.L8:
 159 0054 00380240 		.word	1073887232
 160 0058 00080240 		.word	1073874944
 161              		.cfi_endproc
 162              	.LFE143:
 164              		.text
 165              	.Letext0:
 166              		.file 2 "C:/SysGCC/arm-eabi/arm-none-eabi/include/machine/_default_types.h"
 167              		.file 3 "C:/SysGCC/arm-eabi/arm-none-eabi/include/sys/_stdint.h"
 168              		.file 4 "C:\\Users\\mns94\\OneDrive\\tpu\\dmt\\test\\CMSIS\\Devices\\stm32f767xx.h"
ARM GAS  C:\Users\mns94\AppData\Local\Temp\ccJZsNJo.s 			page 5


DEFINED SYMBOLS
                            *ABS*:00000000 init.c
C:\Users\mns94\AppData\Local\Temp\ccJZsNJo.s:20     .text.GPIO_Ini:00000000 $t
C:\Users\mns94\AppData\Local\Temp\ccJZsNJo.s:26     .text.GPIO_Ini:00000000 GPIO_Ini
C:\Users\mns94\AppData\Local\Temp\ccJZsNJo.s:56     .text.GPIO_Ini:00000028 $d
C:\Users\mns94\AppData\Local\Temp\ccJZsNJo.s:61     .text.GPIO_Ini_Self_Def:00000000 $t
C:\Users\mns94\AppData\Local\Temp\ccJZsNJo.s:67     .text.GPIO_Ini_Self_Def:00000000 GPIO_Ini_Self_Def
C:\Users\mns94\AppData\Local\Temp\ccJZsNJo.s:97     .text.GPIO_Ini_Self_Def:00000028 $d
C:\Users\mns94\AppData\Local\Temp\ccJZsNJo.s:102    .text.GPIO_Ini_CMSIS:00000000 $t
C:\Users\mns94\AppData\Local\Temp\ccJZsNJo.s:108    .text.GPIO_Ini_CMSIS:00000000 GPIO_Ini_CMSIS
C:\Users\mns94\AppData\Local\Temp\ccJZsNJo.s:159    .text.GPIO_Ini_CMSIS:00000054 $d

NO UNDEFINED SYMBOLS
